Feedforward ANN Trained on MNIST
Using device: cuda
Epoch 0, Iteration 0
Train Set Loss: 2.31
Test Set Loss: 2.31
Train set accuracy for a single minibatch: 10.94%
Train set deviation for a single minibatch: 31.21%
Test set accuracy for a single minibatch: 10.16%
Test set deviation for a single minibatch: 30.21%


Epoch 0, Iteration 50
Train Set Loss: 2.15
Test Set Loss: 2.14
Train set accuracy for a single minibatch: 40.23%
Train set deviation for a single minibatch: 49.04%
Test set accuracy for a single minibatch: 39.06%
Test set deviation for a single minibatch: 48.79%


Epoch 0, Iteration 100
Train Set Loss: 1.21
Test Set Loss: 1.13
Train set accuracy for a single minibatch: 75.00%
Train set deviation for a single minibatch: 43.30%
Test set accuracy for a single minibatch: 79.30%
Test set deviation for a single minibatch: 40.52%


Epoch 0, Iteration 150
Train Set Loss: 0.60
Test Set Loss: 0.56
Train set accuracy for a single minibatch: 82.81%
Train set deviation for a single minibatch: 37.73%
Test set accuracy for a single minibatch: 83.98%
Test set deviation for a single minibatch: 36.68%


Epoch 0, Iteration 200
Train Set Loss: 0.47
Test Set Loss: 0.48
Train set accuracy for a single minibatch: 85.16%
Train set deviation for a single minibatch: 35.55%
Test set accuracy for a single minibatch: 87.50%
Test set deviation for a single minibatch: 33.07%


Epoch 1, Iteration 250
Train Set Loss: 2.30
Test Set Loss: 0.34
Train set accuracy for a single minibatch: 92.19%
Train set deviation for a single minibatch: 26.84%
Test set accuracy for a single minibatch: 89.06%
Test set deviation for a single minibatch: 31.21%


Epoch 1, Iteration 300
Train Set Loss: 2.01
Test Set Loss: 0.32
Train set accuracy for a single minibatch: 87.50%
Train set deviation for a single minibatch: 33.07%
Test set accuracy for a single minibatch: 89.06%
Test set deviation for a single minibatch: 31.21%


Epoch 1, Iteration 350
Train Set Loss: 0.96
Test Set Loss: 0.35
Train set accuracy for a single minibatch: 94.14%
Train set deviation for a single minibatch: 23.49%
Test set accuracy for a single minibatch: 91.02%
Test set deviation for a single minibatch: 28.60%


Epoch 1, Iteration 400
Train Set Loss: 0.56
Test Set Loss: 0.30
Train set accuracy for a single minibatch: 86.72%
Train set deviation for a single minibatch: 33.94%
Test set accuracy for a single minibatch: 92.58%
Test set deviation for a single minibatch: 26.21%


Epoch 1, Iteration 450
Train Set Loss: 0.43
Test Set Loss: 0.30
Train set accuracy for a single minibatch: 87.89%
Train set deviation for a single minibatch: 32.62%
Test set accuracy for a single minibatch: 90.62%
Test set deviation for a single minibatch: 29.15%


Epoch 2, Iteration 500
Train Set Loss: 2.25
Test Set Loss: 0.29
Train set accuracy for a single minibatch: 89.45%
Train set deviation for a single minibatch: 30.72%
Test set accuracy for a single minibatch: 92.58%
Test set deviation for a single minibatch: 26.21%


Epoch 2, Iteration 550
Train Set Loss: 1.69
Test Set Loss: 0.29
Train set accuracy for a single minibatch: 89.45%
Train set deviation for a single minibatch: 30.72%
Test set accuracy for a single minibatch: 93.36%
Test set deviation for a single minibatch: 24.90%


Epoch 2, Iteration 600
Train Set Loss: 0.80
Test Set Loss: 0.24
Train set accuracy for a single minibatch: 92.19%
Train set deviation for a single minibatch: 26.84%
Test set accuracy for a single minibatch: 93.36%
Test set deviation for a single minibatch: 24.90%


Epoch 2, Iteration 650
Train Set Loss: 0.56
Test Set Loss: 0.40
Train set accuracy for a single minibatch: 91.02%
Train set deviation for a single minibatch: 28.60%
Test set accuracy for a single minibatch: 90.62%
Test set deviation for a single minibatch: 29.15%


Epoch 2, Iteration 700
Train Set Loss: 0.43
Test Set Loss: 0.31
Train set accuracy for a single minibatch: 92.97%
Train set deviation for a single minibatch: 25.57%
Test set accuracy for a single minibatch: 91.80%
Test set deviation for a single minibatch: 27.44%


Epoch 3, Iteration 750
Train Set Loss: 2.15
Test Set Loss: 0.25
Train set accuracy for a single minibatch: 91.80%
Train set deviation for a single minibatch: 27.44%
Test set accuracy for a single minibatch: 93.75%
Test set deviation for a single minibatch: 24.21%


Epoch 3, Iteration 800
Train Set Loss: 1.27
Test Set Loss: 0.27
Train set accuracy for a single minibatch: 95.70%
Train set deviation for a single minibatch: 20.28%
Test set accuracy for a single minibatch: 91.80%
Test set deviation for a single minibatch: 27.44%


Epoch 3, Iteration 850
Train Set Loss: 0.68
Test Set Loss: 0.20
Train set accuracy for a single minibatch: 94.92%
Train set deviation for a single minibatch: 21.96%
Test set accuracy for a single minibatch: 94.53%
Test set deviation for a single minibatch: 22.74%


Epoch 3, Iteration 900
Train Set Loss: 0.48
Test Set Loss: 0.26
Train set accuracy for a single minibatch: 91.02%
Train set deviation for a single minibatch: 28.60%
Test set accuracy for a single minibatch: 93.36%
Test set deviation for a single minibatch: 24.90%


Total correctly classified test set images: 9342/10000
Test Set Accuracy: 93.42%