Using device: cuda
NVIDIA GeForce GTX 1660 Ti with Max-Q Design
Memory Usage:
Allocated: 0.0 GB
Cached:    0.0 GB
Epoch 0, Iteration 0
Train Set Loss: 66.32
Test Set Loss: 64.72
Train set accuracy for a single minibatch: 7.81%
Train set deviation for a single minibatch: 26.84%
Test set accuracy for a single minibatch: 10.55%
Test set deviation for a single minibatch: 30.72%


Epoch 0, Iteration 50
Train Set Loss: 20.99
Test Set Loss: 17.84
Train set accuracy for a single minibatch: 89.84%
Train set deviation for a single minibatch: 30.21%
Test set accuracy for a single minibatch: 87.50%
Test set deviation for a single minibatch: 33.07%


Epoch 0, Iteration 100
Train Set Loss: 12.61
Test Set Loss: 11.05
Train set accuracy for a single minibatch: 91.80%
Train set deviation for a single minibatch: 27.44%
Test set accuracy for a single minibatch: 91.02%
Test set deviation for a single minibatch: 28.60%


Epoch 0, Iteration 150
Train Set Loss: 8.57
Test Set Loss: 9.62
Train set accuracy for a single minibatch: 94.53%
Train set deviation for a single minibatch: 22.74%
Test set accuracy for a single minibatch: 93.75%
Test set deviation for a single minibatch: 24.21%


Epoch 0, Iteration 200
Train Set Loss: 8.65
Test Set Loss: 9.53
Train set accuracy for a single minibatch: 95.31%
Train set deviation for a single minibatch: 21.14%
Test set accuracy for a single minibatch: 93.36%
Test set deviation for a single minibatch: 24.90%


Epoch 1, Iteration 250
Train Set Loss: 44.85
Test Set Loss: 8.88
Train set accuracy for a single minibatch: 94.92%
Train set deviation for a single minibatch: 21.96%
Test set accuracy for a single minibatch: 93.75%
Test set deviation for a single minibatch: 24.21%


Epoch 1, Iteration 300
Train Set Loss: 16.30
Test Set Loss: 7.44
Train set accuracy for a single minibatch: 96.88%
Train set deviation for a single minibatch: 17.40%
Test set accuracy for a single minibatch: 96.09%
Test set deviation for a single minibatch: 19.37%


Epoch 1, Iteration 350
Train Set Loss: 11.66
Test Set Loss: 6.86
Train set accuracy for a single minibatch: 95.31%
Train set deviation for a single minibatch: 21.14%
Test set accuracy for a single minibatch: 95.70%
Test set deviation for a single minibatch: 20.28%


Epoch 1, Iteration 400
Train Set Loss: 9.33
Test Set Loss: 6.52
Train set accuracy for a single minibatch: 93.36%
Train set deviation for a single minibatch: 24.90%
Test set accuracy for a single minibatch: 95.70%
Test set deviation for a single minibatch: 20.28%


Epoch 1, Iteration 450
Train Set Loss: 6.57
Test Set Loss: 6.25
Train set accuracy for a single minibatch: 96.09%
Train set deviation for a single minibatch: 19.37%
Test set accuracy for a single minibatch: 94.92%
Test set deviation for a single minibatch: 21.96%


Epoch 2, Iteration 500
Train Set Loss: 33.64
Test Set Loss: 7.33
Train set accuracy for a single minibatch: 95.70%
Train set deviation for a single minibatch: 20.28%
Test set accuracy for a single minibatch: 96.88%
Test set deviation for a single minibatch: 17.40%


Epoch 2, Iteration 550
Train Set Loss: 13.94
Test Set Loss: 6.08
Train set accuracy for a single minibatch: 96.09%
Train set deviation for a single minibatch: 19.37%
Test set accuracy for a single minibatch: 94.53%
Test set deviation for a single minibatch: 22.74%


Epoch 2, Iteration 600
Train Set Loss: 9.58
Test Set Loss: 4.92
Train set accuracy for a single minibatch: 95.70%
Train set deviation for a single minibatch: 20.28%
Test set accuracy for a single minibatch: 97.66%
Test set deviation for a single minibatch: 15.13%


Epoch 2, Iteration 650
Train Set Loss: 9.68
Test Set Loss: 5.59
Train set accuracy for a single minibatch: 94.53%
Train set deviation for a single minibatch: 22.74%
Test set accuracy for a single minibatch: 94.92%
Test set deviation for a single minibatch: 21.96%


Epoch 2, Iteration 700
Train Set Loss: 7.68
Test Set Loss: 5.73
Train set accuracy for a single minibatch: 98.05%
Train set deviation for a single minibatch: 13.84%
Test set accuracy for a single minibatch: 95.31%
Test set deviation for a single minibatch: 21.14%


Epoch 3, Iteration 750
Train Set Loss: 22.76
Test Set Loss: 4.95
Train set accuracy for a single minibatch: 96.88%
Train set deviation for a single minibatch: 17.40%
Test set accuracy for a single minibatch: 96.48%
Test set deviation for a single minibatch: 18.42%


Epoch 3, Iteration 800
Train Set Loss: 12.21
Test Set Loss: 7.94
Train set accuracy for a single minibatch: 96.88%
Train set deviation for a single minibatch: 17.40%
Test set accuracy for a single minibatch: 94.14%
Test set deviation for a single minibatch: 23.49%


Epoch 3, Iteration 850
Train Set Loss: 10.46
Test Set Loss: 5.43
Train set accuracy for a single minibatch: 96.48%
Train set deviation for a single minibatch: 18.42%
Test set accuracy for a single minibatch: 95.31%
Test set deviation for a single minibatch: 21.14%


Epoch 3, Iteration 900
Train Set Loss: 8.55
Test Set Loss: 4.03
Train set accuracy for a single minibatch: 96.48%
Train set deviation for a single minibatch: 18.42%
Test set accuracy for a single minibatch: 95.31%
Test set deviation for a single minibatch: 21.14%


Total correctly classified test set images: 9532/10000
Test Set Accuracy: 95.32%